<?xml version="1.0" encoding="utf-8"?><testsuites name="pytest tests"><testsuite name="pytest" errors="0" failures="0" skipped="0" tests="13" time="25.766" timestamp="2026-06-28T04:32:01.094917+00:00" hostname="agent-env-0d4d17f5-e72c-4753-97e5-5a90f180c109"><testcase classname="tests.test_bugfixes_iter2.TestWiderFormats" name="test_upload_non_jpeg_normalized_to_jpeg[BMP-image/bmp-scene.bmp]" time="7.165" /><testcase classname="tests.test_bugfixes_iter2.TestWiderFormats" name="test_upload_non_jpeg_normalized_to_jpeg[GIF-image/gif-scene.gif]" time="5.784" /><testcase classname="tests.test_bugfixes_iter2.TestSelfLearningCalibration" name="test_step_1_first_upload" time="7.167" /><testcase classname="tests.test_bugfixes_iter2.TestSelfLearningCalibration" name="test_step_2_admin_overrides_to_clean" time="0.469" /><testcase classname="tests.test_bugfixes_iter2.TestSelfLearningCalibration" name="test_step_3_calibration_persisted_in_db" time="0.044" /><testcase classname="tests.test_bugfixes_iter2.TestSelfLearningCalibration" name="test_step_4_second_upload_uses_calibration" time="9.035" /><testcase classname="tests.test_bugfixes_iter2.TestWiderFormats" name="test_upload_non_jpeg_normalized_to_jpeg[TIFF-image/tiff-scene.tiff]" time="6.508" /><testcase classname="tests.test_bugfixes_iter2.TestRegression" name="test_station_names_endpoint" time="0.052" /><testcase classname="tests.test_bugfixes_iter2.TestRegression" name="test_reports_summary" time="0.050" /><testcase classname="tests.test_bugfixes_iter2.TestRegression" name="test_admin_and_sm_login" time="0.532" /><testcase classname="tests.test_bugfixes_iter2.TestRegression" name="test_upload_requires_station_name" time="0.060" /><testcase classname="tests.test_bugfixes_iter2.TestWiderFormats" name="test_upload_rejects_non_image" time="0.045" /><testcase classname="tests.test_bugfixes_iter2.TestLuggageNotFlagged" name="test_clean_with_luggage_not_unclean" time="5.706" /></testsuite></testsuites>