<?xml version="1.0" encoding="utf-8"?><testsuites name="pytest tests"><testsuite name="pytest" errors="0" failures="0" skipped="0" tests="14" time="7.542" timestamp="2026-07-04T11:13:41.526168+00:00" hostname="agent-env-0d4d17f5-e72c-4753-97e5-5a90f180c109"><testcase classname="tests.test_iter7.TestChangeCredentials" name="test_wrong_current_password" time="0.993" /><testcase classname="tests.test_iter7.TestGrievances" name="test_sm_create_and_only_own_visible" time="1.099" /><testcase classname="tests.test_iter7.TestChangeCredentials" name="test_username_too_short" time="0.858" /><testcase classname="tests.test_iter7.TestGrievances" name="test_sm_resolve_forbidden" time="1.418" /><testcase classname="tests.test_iter7.TestChangeCredentials" name="test_password_too_short" time="0.659" /><testcase classname="tests.test_iter7.TestChangeCredentials" name="test_username_collision" time="0.651" /><testcase classname="tests.test_iter7.TestGrievances" name="test_admin_sees_all_and_filter" time="0.646" /><testcase classname="tests.test_iter7.TestChangeCredentials" name="test_change_username_and_password_then_revert" time="2.160" /><testcase classname="tests.test_iter7.TestGrievances" name="test_empty_message_rejected" time="0.329" /><testcase classname="tests.test_iter7.TestGrievances" name="test_admin_delete" time="0.968" /><testcase classname="tests.test_iter7.TestReportsSummaryDateFilter" name="test_summary_supports_date_range" time="0.542" /><testcase classname="tests.test_iter7.TestRegression" name="test_sm001_locked_to_RNC" time="1.878" /><testcase classname="tests.test_iter7.TestDayDetail" name="test_admin_day_detail_shape" time="1.133" /><testcase classname="tests.test_iter7.TestDayDetail" name="test_sm_forbidden" time="0.469" /></testsuite></testsuites>