<?xml version="1.0" encoding="utf-8"?><testsuites name="pytest tests"><testsuite name="pytest" errors="0" failures="0" skipped="0" tests="23" time="4.384" timestamp="2026-06-27T06:57:08.881085+00:00" hostname="agent-env-0d4d17f5-e72c-4753-97e5-5a90f180c109"><testcase classname="tests.test_railway_cleanliness.TestAuth" name="test_admin_login" time="0.444" /><testcase classname="tests.test_railway_cleanliness.TestAuth" name="test_sm_login" time="0.474" /><testcase classname="tests.test_railway_cleanliness.TestAuth" name="test_invalid_creds" time="0.489" /><testcase classname="tests.test_railway_cleanliness.TestInspectionUpload" name="test_upload_and_persist" time="1.676" /><testcase classname="tests.test_railway_cleanliness.TestAuth" name="test_me" time="0.308" /><testcase classname="tests.test_railway_cleanliness.TestInspectionUpload" name="test_admin_can_view" time="0.361" /><testcase classname="tests.test_railway_cleanliness.TestShareLinks" name="test_validate_share" time="0.332" /><testcase classname="tests.test_railway_cleanliness.TestInspectionUpload" name="test_sm_listing_only_own" time="0.129" /><testcase classname="tests.test_railway_cleanliness.TestShareLinks" name="test_invalid_token" time="0.043" /><testcase classname="tests.test_railway_cleanliness.TestShareLinks" name="test_public_upload" time="0.332" /><testcase classname="tests.test_railway_cleanliness.TestInspectionUpload" name="test_reject_bad_mime" time="0.259" /><testcase classname="tests.test_railway_cleanliness.TestShareLinks" name="test_revoke" time="0.103" /><testcase classname="tests.test_railway_cleanliness.TestInspectionUpload" name="test_admin_override" time="0.102" /><testcase classname="tests.test_railway_cleanliness.TestInspectionUpload" name="test_file_serving_with_auth" time="0.771" /><testcase classname="tests.test_railway_cleanliness.TestStations" name="test_list_stations_seeded" time="0.047" /><testcase classname="tests.test_railway_cleanliness.TestStations" name="test_create_and_delete_station" time="0.088" /><testcase classname="tests.test_railway_cleanliness.TestStations" name="test_sm_cannot_create_station" time="0.671" /><testcase classname="tests.test_railway_cleanliness.TestUsers" name="test_users_seeded" time="0.052" /><testcase classname="tests.test_railway_cleanliness.TestReports" name="test_admin_reports" time="0.086" /><testcase classname="tests.test_railway_cleanliness.TestUsers" name="test_sm_cannot_list_users" time="0.048" /><testcase classname="tests.test_railway_cleanliness.TestUsers" name="test_create_update_delete_user" time="0.418" /><testcase classname="tests.test_railway_cleanliness.TestReports" name="test_sm_cannot_get_reports" time="0.251" /><testcase classname="tests.test_railway_cleanliness.TestAuthz" name="test_sm_cannot_create_share_link" time="0.088" /></testsuite></testsuites>