<?xml version="1.0" encoding="utf-8"?><testsuites name="pytest tests"><testsuite name="pytest" errors="0" failures="0" skipped="0" tests="44" time="23.027" timestamp="2026-07-06T12:13:33.447879+00:00" hostname="agent-env-0d4d17f5-e72c-4753-97e5-5a90f180c109"><testcase classname="tests.test_iter8.TestNamedViewers" name="test_viewer_login[rajesh.gupta]" time="0.721" /><testcase classname="tests.test_iter8.TestViewerReadAccess" name="test_get_admin_users" time="0.726" /><testcase classname="tests.test_iter8.TestNamedViewers" name="test_viewer_login[abhay.mondal]" time="0.325" /><testcase classname="tests.test_iter8.TestViewerReadAccess" name="test_get_station_names" time="0.321" /><testcase classname="tests.test_iter8.TestNamedViewers" name="test_viewer_login[sudip.kumar]" time="0.324" /><testcase classname="tests.test_iter8.TestViewerReadAccess" name="test_get_reports_summary" time="0.326" /><testcase classname="tests.test_iter8.TestNamedViewers" name="test_viewer_login[ajay.kumar.ii]" time="0.328" /><testcase classname="tests.test_iter8.TestViewerReadAccess" name="test_get_reports_leaderboard" time="0.324" /><testcase classname="tests.test_iter8.TestNamedViewers" name="test_viewer_login[santosh.gupta]" time="0.321" /><testcase classname="tests.test_iter8.TestViewerReadAccess" name="test_get_day_detail" time="0.322" /><testcase classname="tests.test_iter8.TestNamedViewers" name="test_viewer_login[govind.sharma]" time="0.319" /><testcase classname="tests.test_iter8.TestViewerReadAccess" name="test_get_grievances" time="1.427" /><testcase classname="tests.test_iter8.TestNamedViewers" name="test_viewer_login[srdcm]" time="0.317" /><testcase classname="tests.test_iter8.TestNamedViewers" name="test_viewer_login[acm.1]" time="0.322" /><testcase classname="tests.test_iter8.TestNamedViewers" name="test_viewer_login[acm.2]" time="0.321" /><testcase classname="tests.test_iter8.TestNamedViewers" name="test_viewer_login[acm.3]" time="0.355" /><testcase classname="tests.test_iter8.TestViewerReadAccess" name="test_get_inspections" time="0.258" /><testcase classname="tests.test_iter8.TestNamedViewers" name="test_viewer_login[aom]" time="0.318" /><testcase classname="tests.test_iter8.TestViewerReadAccess" name="test_get_share_links" time="0.270" /><testcase classname="tests.test_iter8.TestNamedViewers" name="test_viewer_login[dom]" time="0.573" /><testcase classname="tests.test_iter8.TestViewerWriteBlock" name="test_post_admin_users_403" time="0.570" /><testcase classname="tests.test_iter8.TestNamedViewers" name="test_viewer_login[adrm]" time="0.369" /><testcase classname="tests.test_iter8.TestViewerWriteBlock" name="test_post_admin_stations_403" time="0.092" /><testcase classname="tests.test_iter8.TestViewerWriteBlock" name="test_post_share_link_403" time="0.236" /><testcase classname="tests.test_iter8.TestViewerWriteBlock" name="test_delete_share_link_403" time="0.360" /><testcase classname="tests.test_iter8.TestNamedViewers" name="test_viewer_login[drm]" time="0.319" /><testcase classname="tests.test_iter8.TestNamedEditors" name="test_editor_login[dhananjay.kumar.rai-Dhananjay Kumar Rai]" time="0.340" /><testcase classname="tests.test_iter8.TestViewerWriteBlock" name="test_delete_inspection_403" time="0.341" /><testcase classname="tests.test_iter8.TestNamedEditors" name="test_editor_login[santosh.kumar-Santosh Kumar]" time="0.325" /><testcase classname="tests.test_iter8.TestViewerWriteBlock" name="test_override_photo_403" time="0.324" /><testcase classname="tests.test_iter8.TestNamedEditors" name="test_editor_login[ashok.kumar-Ashok Kumar]" time="0.346" /><testcase classname="tests.test_iter8.TestViewerWriteBlock" name="test_resolve_grievance_403" time="0.098" /><testcase classname="tests.test_iter8.TestViewerWriteBlock" name="test_delete_grievance_403" time="0.248" /><testcase classname="tests.test_iter8.TestSMAutoProvision" name="test_sm_auto_provision_new_account" time="1.052" /><testcase classname="tests.test_iter8.TestNamedEditors" name="test_editor_login[anand.kishore-Anand Kishore]" time="0.321" /><testcase classname="tests.test_iter8.TestNamedEditors" name="test_editor_login[ajay.kumar.i-Ajay Kumar I]" time="0.729" /><testcase classname="tests.test_iter8.TestRegression" name="test_admin_still_works" time="0.319" /><testcase classname="tests.test_iter8.TestSMAutoProvision" name="test_sm_auto_provision_wrong_password" time="1.302" /><testcase classname="tests.test_iter8.TestRegression" name="test_sm001_still_locked_to_rnc" time="0.730" /><testcase classname="tests.test_iter8.TestRegression" name="test_sm050_auto_provision_no_station" time="1.002" /><testcase classname="tests.test_iter8.TestSMAutoProvision" name="test_sm_auto_provision_999" time="1.000" /><testcase classname="tests.test_iter8.TestFirstUploadLock" name="test_first_upload_sets_station_and_locks_it" time="12.397" /><testcase classname="tests.test_iter8.TestSMAutoProvision" name="test_admin_password_blocked_for_sm_pattern" time="1.872" /><testcase classname="tests.test_iter8.TestFirstUploadLock" name="test_first_upload_without_station_name_returns_400" time="0.698" /></testsuite></testsuites>