<?xml version="1.0" encoding="utf-8"?><testsuites name="pytest tests"><testsuite name="pytest" errors="0" failures="0" skipped="0" tests="25" time="24.780" timestamp="2026-06-28T05:57:42.891608+00:00" hostname="agent-env-0d4d17f5-e72c-4753-97e5-5a90f180c109"><testcase classname="tests.test_roster_iter3" name="test_admin_login_works" time="0.535" /><testcase classname="tests.test_roster_iter3" name="test_user_count_is_45_sm_plus_1_admin" time="0.312" /><testcase classname="tests.test_roster_iter3" name="test_sm_usernames_are_exactly_sm001_through_sm045" time="0.045" /><testcase classname="tests.test_roster_iter3" name="test_all_sms_are_active" time="0.043" /><testcase classname="tests.test_roster_iter3" name="test_legacy_sms_are_gone" time="0.042" /><testcase classname="tests.test_roster_iter3" name="test_station_assignment_for_sample_sm[sm001-RNC]" time="0.044" /><testcase classname="tests.test_roster_iter3" name="test_station_assignment_for_sample_sm[sm002-MURI]" time="0.042" /><testcase classname="tests.test_roster_iter3" name="test_station_assignment_for_sample_sm[sm003-HTE]" time="0.044" /><testcase classname="tests.test_roster_iter3" name="test_station_assignment_for_sample_sm[sm007-GBX]" time="0.043" /><testcase classname="tests.test_roster_iter3" name="test_station_assignment_for_sample_sm[sm010-PKC]" time="0.041" /><testcase classname="tests.test_roster_iter3" name="test_station_assignment_for_sample_sm[sm022-BICI]" time="0.041" /><testcase classname="tests.test_roster_iter3" name="test_station_assignment_for_sample_sm[sm025-HRBR]" time="0.042" /><testcase classname="tests.test_roster_iter3" name="test_station_assignment_for_sample_sm[sm033-TUL]" time="0.042" /><testcase classname="tests.test_roster_iter3" name="test_station_assignment_for_sample_sm[sm045-JAA]" time="0.042" /><testcase classname="tests.test_roster_iter3" name="test_stations_collection_empty_via_api" time="0.084" /><testcase classname="tests.test_roster_iter3" name="test_sm_login_and_me_returns_correct_station[sm001-RNC]" time="0.307" /><testcase classname="tests.test_roster_iter3" name="test_sm_login_and_me_returns_correct_station[sm007-GBX]" time="0.308" /><testcase classname="tests.test_roster_iter3" name="test_sm_login_and_me_returns_correct_station[sm045-JAA]" time="0.307" /><testcase classname="tests.test_roster_iter3" name="test_sm_upload_ignores_forged_station_name_sm007" time="5.852" /><testcase classname="tests.test_roster_iter3" name="test_sm_upload_ignores_forged_station_name_sm045" time="5.350" /><testcase classname="tests.test_roster_iter3" name="test_sm_upload_without_station_name_form_field_uses_assigned" time="4.971" /><testcase classname="tests.test_roster_iter3" name="test_admin_upload_uses_form_station_name" time="5.304" /><testcase classname="tests.test_roster_iter3" name="test_admin_upload_requires_station_name" time="0.045" /><testcase classname="tests.test_roster_iter3" name="test_station_names_endpoint_contains_uploaded_codes" time="0.044" /><testcase classname="tests.test_roster_iter3" name="test_station_names_requires_admin" time="0.308" /></testsuite></testsuites>