<?xml version="1.0" encoding="utf-8"?><testsuites name="pytest tests"><testsuite name="pytest" errors="0" failures="0" skipped="0" tests="13" time="8.879" timestamp="2026-06-30T09:04:17.430114+00:00" hostname="agent-env-0d4d17f5-e72c-4753-97e5-5a90f180c109"><testcase classname="tests.test_delete_and_date_range.TestNoJaipur" name="test_station_names_no_jaipur" time="0.648" /><testcase classname="tests.test_delete_and_date_range.TestNoJaipur" name="test_reports_no_jaipur" time="0.133" /><testcase classname="tests.test_delete_and_date_range.TestDateRange" name="test_today_summary_matches_today_inspections" time="6.173" /><testcase classname="tests.test_delete_and_date_range.TestDateRange" name="test_range_30d_geq_today" time="0.254" /><testcase classname="tests.test_delete_and_date_range.TestDateRange" name="test_future_range_returns_zero" time="0.163" /><testcase classname="tests.test_delete_and_date_range.TestDeleteInspection" name="test_sm_cannot_delete" time="0.092" /><testcase classname="tests.test_delete_and_date_range.TestDeleteInspection" name="test_unauth_cannot_delete" time="0.092" /><testcase classname="tests.test_delete_and_date_range.TestDeleteInspection" name="test_admin_can_delete_and_404" time="0.457" /><testcase classname="tests.test_delete_and_date_range.TestDeleteInspection" name="test_deleted_not_in_lists" time="0.144" /><testcase classname="tests.test_delete_and_date_range.TestDeleteInspection" name="test_admin_delete_nonexistent_404" time="0.100" /><testcase classname="tests.test_delete_and_date_range.TestRegression" name="test_sm001_locked_to_rnc" time="0.095" /><testcase classname="tests.test_delete_and_date_range.TestRegression" name="test_sm_cannot_call_admin_endpoints" time="0.245" /><testcase classname="tests.test_delete_and_date_range.TestRegression" name="test_share_link_creation" time="0.215" /></testsuite></testsuites>