<?xml version="1.0" encoding="utf-8"?><testsuites name="pytest tests"><testsuite name="pytest" errors="0" failures="0" skipped="0" tests="11" time="13.361" timestamp="2026-07-01T08:35:00.512769+00:00" hostname="agent-env-0d4d17f5-e72c-4753-97e5-5a90f180c109"><testcase classname="tests.test_iter6" name="test_ai_upload_returns_valid_rating" time="6.319" /><testcase classname="tests.test_iter6" name="test_override_clean" time="0.454" /><testcase classname="tests.test_iter6" name="test_override_need_attention" time="0.135" /><testcase classname="tests.test_iter6" name="test_override_rejects_legacy_ratings[Unclean]" time="0.092" /><testcase classname="tests.test_iter6" name="test_override_rejects_legacy_ratings[Needs Attention]" time="0.104" /><testcase classname="tests.test_iter6" name="test_override_rejects_legacy_ratings[Dirty]" time="0.091" /><testcase classname="tests.test_iter6" name="test_override_rejects_legacy_ratings[]" time="0.105" /><testcase classname="tests.test_iter6" name="test_reports_summary_schema" time="0.156" /><testcase classname="tests.test_iter6" name="test_leaderboard_endpoint" time="0.096" /><testcase classname="tests.test_iter6" name="test_leaderboard_sm_forbidden" time="0.134" /><testcase classname="tests.test_iter6" name="test_sm_upload_ignores_station_name" time="5.591" /></testsuite></testsuites>